-- The C compiler identification is GNU 9.3.0
-- The CXX compiler identification is GNU 9.3.0
-- Check for working C compiler: /usr/bin/cc
-- Check for working C compiler: /usr/bin/cc -- works
-- Detecting C compiler ABI info
-- Detecting C compiler ABI info - done
-- Detecting C compile features
-- Detecting C compile features - done
-- Check for working CXX compiler: /usr/bin/c++
-- Check for working CXX compiler: /usr/bin/c++ -- works
-- Detecting CXX compiler ABI info
-- Detecting CXX compiler ABI info - done
-- Detecting CXX compile features
-- Detecting CXX compile features - done
-- Found ament_cmake: 0.9.7 (/opt/ros/foxy/share/ament_cmake/cmake)
-- Found PythonInterp: /usr/bin/python3 (found suitable version "3.8.5", minimum required is "3") 
-- Using PYTHON_EXECUTABLE: /usr/bin/python3
-- Found ament_lint_auto: 0.9.5 (/opt/ros/foxy/share/ament_lint_auto/cmake)
-- Added test 'copyright' to check source files copyright and LICENSE
-- Added test 'lint_cmake' to check CMake code style
-- Added test 'xmllint' to check XML markup files
-- Configuring done
-- Generating done
-- Build files have been written to: /home/samsam/ProjetSmartFactory/src/build/ros2-agv-controller
-- Install configuration: ""
-- Installing: /home/samsam/ProjetSmartFactory/src/install/ros2-agv-controller/share/ament_index/resource_index/package_run_dependencies/ros2-agv-controller
-- Installing: /home/samsam/ProjetSmartFactory/src/install/ros2-agv-controller/share/ament_index/resource_index/parent_prefix_path/ros2-agv-controller
-- Installing: /home/samsam/ProjetSmartFactory/src/install/ros2-agv-controller/share/ros2-agv-controller/environment/ament_prefix_path.sh
-- Installing: /home/samsam/ProjetSmartFactory/src/install/ros2-agv-controller/share/ros2-agv-controller/environment/ament_prefix_path.dsv
-- Installing: /home/samsam/ProjetSmartFactory/src/install/ros2-agv-controller/share/ros2-agv-controller/environment/path.sh
-- Installing: /home/samsam/ProjetSmartFactory/src/install/ros2-agv-controller/share/ros2-agv-controller/environment/path.dsv
-- Installing: /home/samsam/ProjetSmartFactory/src/install/ros2-agv-controller/share/ros2-agv-controller/local_setup.bash
-- Installing: /home/samsam/ProjetSmartFactory/src/install/ros2-agv-controller/share/ros2-agv-controller/local_setup.sh
-- Installing: /home/samsam/ProjetSmartFactory/src/install/ros2-agv-controller/share/ros2-agv-controller/local_setup.zsh
-- Installing: /home/samsam/ProjetSmartFactory/src/install/ros2-agv-controller/share/ros2-agv-controller/local_setup.dsv
-- Installing: /home/samsam/ProjetSmartFactory/src/install/ros2-agv-controller/share/ros2-agv-controller/package.dsv
-- Installing: /home/samsam/ProjetSmartFactory/src/install/ros2-agv-controller/share/ament_index/resource_index/packages/ros2-agv-controller
-- Installing: /home/samsam/ProjetSmartFactory/src/install/ros2-agv-controller/share/ros2-agv-controller/cmake/ros2-agv-controllerConfig.cmake
-- Installing: /home/samsam/ProjetSmartFactory/src/install/ros2-agv-controller/share/ros2-agv-controller/cmake/ros2-agv-controllerConfig-version.cmake
-- Installing: /home/samsam/ProjetSmartFactory/src/install/ros2-agv-controller/share/ros2-agv-controller/package.xml
