[0.016s] Invoking command in '/home/samsam/ProjetSmartFactory/src/build/ros2-agv-controller': CMAKE_PREFIX_PATH=/opt/ros/foxy /usr/bin/cmake /home/samsam/ProjetSmartFactory/src/ros2-agv-controller -DCMAKE_INSTALL_PREFIX=/home/samsam/ProjetSmartFactory/src/install/ros2-agv-controller
[0.091s] -- The C compiler identification is GNU 9.3.0
[0.203s] -- The CXX compiler identification is GNU 9.3.0
[0.209s] -- Check for working C compiler: /usr/bin/cc
[0.279s] -- Check for working C compiler: /usr/bin/cc -- works
[0.280s] -- Detecting C compiler ABI info
[0.350s] -- Detecting C compiler ABI info - done
[0.362s] -- Detecting C compile features
[0.362s] -- Detecting C compile features - done
[0.365s] -- Check for working CXX compiler: /usr/bin/c++
[0.461s] -- Check for working CXX compiler: /usr/bin/c++ -- works
[0.462s] -- Detecting CXX compiler ABI info
[0.539s] -- Detecting CXX compiler ABI info - done
[0.550s] -- Detecting CXX compile features
[0.551s] -- Detecting CXX compile features - done
[0.553s] -- Found ament_cmake: 0.9.7 (/opt/ros/foxy/share/ament_cmake/cmake)
[0.579s] -- Found PythonInterp: /usr/bin/python3 (found suitable version "3.8.5", minimum required is "3") 
[0.580s] -- Using PYTHON_EXECUTABLE: /usr/bin/python3
[0.783s] -- Found ament_lint_auto: 0.9.5 (/opt/ros/foxy/share/ament_lint_auto/cmake)
[0.866s] -- Added test 'copyright' to check source files copyright and LICENSE
[0.869s] -- Added test 'lint_cmake' to check CMake code style
[0.870s] -- Added test 'xmllint' to check XML markup files
[0.873s] -- Configuring done
[0.874s] -- Generating done
[0.875s] -- Build files have been written to: /home/samsam/ProjetSmartFactory/src/build/ros2-agv-controller
[0.885s] Invoked command in '/home/samsam/ProjetSmartFactory/src/build/ros2-agv-controller' returned '0': CMAKE_PREFIX_PATH=/opt/ros/foxy /usr/bin/cmake /home/samsam/ProjetSmartFactory/src/ros2-agv-controller -DCMAKE_INSTALL_PREFIX=/home/samsam/ProjetSmartFactory/src/install/ros2-agv-controller
[0.887s] Invoking command in '/home/samsam/ProjetSmartFactory/src/build/ros2-agv-controller': CMAKE_PREFIX_PATH=/opt/ros/foxy /usr/bin/cmake --build /home/samsam/ProjetSmartFactory/src/build/ros2-agv-controller -- -j8 -l8
[0.928s] Invoked command in '/home/samsam/ProjetSmartFactory/src/build/ros2-agv-controller' returned '0': CMAKE_PREFIX_PATH=/opt/ros/foxy /usr/bin/cmake --build /home/samsam/ProjetSmartFactory/src/build/ros2-agv-controller -- -j8 -l8
[0.962s] Invoking command in '/home/samsam/ProjetSmartFactory/src/build/ros2-agv-controller': CMAKE_PREFIX_PATH=/opt/ros/foxy /usr/bin/cmake --install /home/samsam/ProjetSmartFactory/src/build/ros2-agv-controller
[0.973s] -- Install configuration: ""
[0.973s] -- Installing: /home/samsam/ProjetSmartFactory/src/install/ros2-agv-controller/share/ament_index/resource_index/package_run_dependencies/ros2-agv-controller
[0.973s] -- Installing: /home/samsam/ProjetSmartFactory/src/install/ros2-agv-controller/share/ament_index/resource_index/parent_prefix_path/ros2-agv-controller
[0.974s] -- Installing: /home/samsam/ProjetSmartFactory/src/install/ros2-agv-controller/share/ros2-agv-controller/environment/ament_prefix_path.sh
[0.974s] -- Installing: /home/samsam/ProjetSmartFactory/src/install/ros2-agv-controller/share/ros2-agv-controller/environment/ament_prefix_path.dsv
[0.974s] -- Installing: /home/samsam/ProjetSmartFactory/src/install/ros2-agv-controller/share/ros2-agv-controller/environment/path.sh
[0.974s] -- Installing: /home/samsam/ProjetSmartFactory/src/install/ros2-agv-controller/share/ros2-agv-controller/environment/path.dsv
[0.974s] -- Installing: /home/samsam/ProjetSmartFactory/src/install/ros2-agv-controller/share/ros2-agv-controller/local_setup.bash
[0.975s] -- Installing: /home/samsam/ProjetSmartFactory/src/install/ros2-agv-controller/share/ros2-agv-controller/local_setup.sh
[0.975s] -- Installing: /home/samsam/ProjetSmartFactory/src/install/ros2-agv-controller/share/ros2-agv-controller/local_setup.zsh
[0.975s] -- Installing: /home/samsam/ProjetSmartFactory/src/install/ros2-agv-controller/share/ros2-agv-controller/local_setup.dsv
[0.975s] -- Installing: /home/samsam/ProjetSmartFactory/src/install/ros2-agv-controller/share/ros2-agv-controller/package.dsv
[0.976s] -- Installing: /home/samsam/ProjetSmartFactory/src/install/ros2-agv-controller/share/ament_index/resource_index/packages/ros2-agv-controller
[0.976s] -- Installing: /home/samsam/ProjetSmartFactory/src/install/ros2-agv-controller/share/ros2-agv-controller/cmake/ros2-agv-controllerConfig.cmake
[0.976s] -- Installing: /home/samsam/ProjetSmartFactory/src/install/ros2-agv-controller/share/ros2-agv-controller/cmake/ros2-agv-controllerConfig-version.cmake
[0.976s] -- Installing: /home/samsam/ProjetSmartFactory/src/install/ros2-agv-controller/share/ros2-agv-controller/package.xml
[0.989s] Invoked command in '/home/samsam/ProjetSmartFactory/src/build/ros2-agv-controller' returned '0': CMAKE_PREFIX_PATH=/opt/ros/foxy /usr/bin/cmake --install /home/samsam/ProjetSmartFactory/src/build/ros2-agv-controller
