[0.018s] Invoking command in '/home/samsam/ProjetSmartFactory/src/build/ros2-agv-wrapper': CMAKE_PREFIX_PATH=/opt/ros/foxy /usr/bin/cmake /home/samsam/ProjetSmartFactory/src/ros2-agv-wrapper -DCMAKE_INSTALL_PREFIX=/home/samsam/ProjetSmartFactory/src/install/ros2-agv-wrapper
[0.083s] -- The C compiler identification is GNU 9.3.0
[0.195s] -- The CXX compiler identification is GNU 9.3.0
[0.202s] -- Check for working C compiler: /usr/bin/cc
[0.271s] -- Check for working C compiler: /usr/bin/cc -- works
[0.272s] -- Detecting C compiler ABI info
[0.343s] -- Detecting C compiler ABI info - done
[0.354s] -- Detecting C compile features
[0.355s] -- Detecting C compile features - done
[0.358s] -- Check for working CXX compiler: /usr/bin/c++
[0.453s] -- Check for working CXX compiler: /usr/bin/c++ -- works
[0.455s] -- Detecting CXX compiler ABI info
[0.531s] -- Detecting CXX compiler ABI info - done
[0.542s] -- Detecting CXX compile features
[0.543s] -- Detecting CXX compile features - done
[0.545s] -- Found ament_cmake: 0.9.7 (/opt/ros/foxy/share/ament_cmake/cmake)
[0.572s] -- Found PythonInterp: /usr/bin/python3 (found suitable version "3.8.5", minimum required is "3") 
[0.572s] -- Using PYTHON_EXECUTABLE: /usr/bin/python3
[0.775s] -- Found ament_lint_auto: 0.9.5 (/opt/ros/foxy/share/ament_lint_auto/cmake)
[0.859s] -- Added test 'copyright' to check source files copyright and LICENSE
[0.861s] -- Added test 'lint_cmake' to check CMake code style
[0.862s] -- Added test 'xmllint' to check XML markup files
[0.865s] -- Configuring done
[0.867s] -- Generating done
[0.868s] -- Build files have been written to: /home/samsam/ProjetSmartFactory/src/build/ros2-agv-wrapper
[0.871s] Invoked command in '/home/samsam/ProjetSmartFactory/src/build/ros2-agv-wrapper' returned '0': CMAKE_PREFIX_PATH=/opt/ros/foxy /usr/bin/cmake /home/samsam/ProjetSmartFactory/src/ros2-agv-wrapper -DCMAKE_INSTALL_PREFIX=/home/samsam/ProjetSmartFactory/src/install/ros2-agv-wrapper
[0.874s] Invoking command in '/home/samsam/ProjetSmartFactory/src/build/ros2-agv-wrapper': CMAKE_PREFIX_PATH=/opt/ros/foxy /usr/bin/cmake --build /home/samsam/ProjetSmartFactory/src/build/ros2-agv-wrapper -- -j8 -l8
[0.916s] Invoked command in '/home/samsam/ProjetSmartFactory/src/build/ros2-agv-wrapper' returned '0': CMAKE_PREFIX_PATH=/opt/ros/foxy /usr/bin/cmake --build /home/samsam/ProjetSmartFactory/src/build/ros2-agv-wrapper -- -j8 -l8
[0.949s] Invoking command in '/home/samsam/ProjetSmartFactory/src/build/ros2-agv-wrapper': CMAKE_PREFIX_PATH=/opt/ros/foxy /usr/bin/cmake --install /home/samsam/ProjetSmartFactory/src/build/ros2-agv-wrapper
[0.959s] -- Install configuration: ""
[0.960s] -- Installing: /home/samsam/ProjetSmartFactory/src/install/ros2-agv-wrapper/share/ament_index/resource_index/package_run_dependencies/ros2-agv-wrapper
[0.960s] -- Installing: /home/samsam/ProjetSmartFactory/src/install/ros2-agv-wrapper/share/ament_index/resource_index/parent_prefix_path/ros2-agv-wrapper
[0.960s] -- Installing: /home/samsam/ProjetSmartFactory/src/install/ros2-agv-wrapper/share/ros2-agv-wrapper/environment/ament_prefix_path.sh
[0.960s] -- Installing: /home/samsam/ProjetSmartFactory/src/install/ros2-agv-wrapper/share/ros2-agv-wrapper/environment/ament_prefix_path.dsv
[0.960s] -- Installing: /home/samsam/ProjetSmartFactory/src/install/ros2-agv-wrapper/share/ros2-agv-wrapper/environment/path.sh
[0.960s] -- Installing: /home/samsam/ProjetSmartFactory/src/install/ros2-agv-wrapper/share/ros2-agv-wrapper/environment/path.dsv
[0.961s] -- Installing: /home/samsam/ProjetSmartFactory/src/install/ros2-agv-wrapper/share/ros2-agv-wrapper/local_setup.bash
[0.961s] -- Installing: /home/samsam/ProjetSmartFactory/src/install/ros2-agv-wrapper/share/ros2-agv-wrapper/local_setup.sh
[0.961s] -- Installing: /home/samsam/ProjetSmartFactory/src/install/ros2-agv-wrapper/share/ros2-agv-wrapper/local_setup.zsh
[0.961s] -- Installing: /home/samsam/ProjetSmartFactory/src/install/ros2-agv-wrapper/share/ros2-agv-wrapper/local_setup.dsv
[0.961s] -- Installing: /home/samsam/ProjetSmartFactory/src/install/ros2-agv-wrapper/share/ros2-agv-wrapper/package.dsv
[0.962s] -- Installing: /home/samsam/ProjetSmartFactory/src/install/ros2-agv-wrapper/share/ament_index/resource_index/packages/ros2-agv-wrapper
[0.962s] -- Installing: /home/samsam/ProjetSmartFactory/src/install/ros2-agv-wrapper/share/ros2-agv-wrapper/cmake/ros2-agv-wrapperConfig.cmake
[0.962s] -- Installing: /home/samsam/ProjetSmartFactory/src/install/ros2-agv-wrapper/share/ros2-agv-wrapper/cmake/ros2-agv-wrapperConfig-version.cmake
[0.962s] -- Installing: /home/samsam/ProjetSmartFactory/src/install/ros2-agv-wrapper/share/ros2-agv-wrapper/package.xml
[0.965s] Invoked command in '/home/samsam/ProjetSmartFactory/src/build/ros2-agv-wrapper' returned '0': CMAKE_PREFIX_PATH=/opt/ros/foxy /usr/bin/cmake --install /home/samsam/ProjetSmartFactory/src/build/ros2-agv-wrapper
