[0.152s] DEBUG:colcon:Command line arguments: ['/usr/bin/colcon', 'build']
[0.152s] DEBUG:colcon:Parsed command line arguments: Namespace(ament_cmake_args=None, base_paths=['.'], build_base='build', catkin_cmake_args=None, catkin_skip_building_tests=False, cmake_args=None, cmake_clean_cache=False, cmake_clean_first=False, cmake_force_configure=False, cmake_target=None, cmake_target_skip_unavailable=False, continue_on_error=False, event_handlers=None, executor='parallel', ignore_user_meta=False, install_base='install', log_base=None, log_level=None, main=<bound method BuildVerb.main of <colcon_core.verb.build.BuildVerb object at 0x7fd5934a0d60>>, merge_install=False, metas=['./colcon.meta'], packages_above=None, packages_above_and_dependencies=None, packages_above_depth=None, packages_end=None, packages_ignore=None, packages_ignore_regex=None, packages_select=None, packages_select_build_failed=False, packages_select_by_dep=None, packages_select_regex=None, packages_select_test_failures=False, packages_skip=None, packages_skip_build_finished=False, packages_skip_by_dep=None, packages_skip_regex=None, packages_skip_test_passed=False, packages_skip_up_to=None, packages_start=None, packages_up_to=None, packages_up_to_regex=None, parallel_workers=8, paths=None, symlink_install=False, test_result_base=None, verb_extension=<colcon_core.verb.build.BuildVerb object at 0x7fd5934a0d60>, verb_name='build', verb_parser=<colcon_defaults.argument_parser.defaults.DefaultArgumentsDecorator object at 0x7fd5934ae310>)
[0.157s] Level 1:colcon.colcon_core.package_discovery:discover_packages(colcon_meta) check parameters
[0.157s] Level 1:colcon.colcon_core.package_discovery:discover_packages(recursive) check parameters
[0.157s] Level 1:colcon.colcon_core.package_discovery:discover_packages(ignore) check parameters
[0.157s] Level 1:colcon.colcon_core.package_discovery:discover_packages(path) check parameters
[0.157s] Level 1:colcon.colcon_core.package_discovery:discover_packages(colcon_meta) discover
[0.157s] Level 1:colcon.colcon_core.package_discovery:discover_packages(recursive) discover
[0.157s] INFO:colcon.colcon_core.package_discovery:Crawling recursively for packages in '/home/samsam/ProjetSmartFactory/src'
[0.157s] Level 1:colcon.colcon_core.package_identification:_identify(.) by extensions ['ignore', 'ignore_ament_install']
[0.158s] Level 1:colcon.colcon_core.package_identification:_identify(.) by extension 'ignore'
[0.158s] Level 1:colcon.colcon_core.package_identification:_identify(.) by extension 'ignore_ament_install'
[0.158s] Level 1:colcon.colcon_core.package_identification:_identify(.) by extensions ['colcon_pkg']
[0.158s] Level 1:colcon.colcon_core.package_identification:_identify(.) by extension 'colcon_pkg'
[0.158s] Level 1:colcon.colcon_core.package_identification:_identify(.) by extensions ['colcon_meta']
[0.158s] Level 1:colcon.colcon_core.package_identification:_identify(.) by extension 'colcon_meta'
[0.158s] Level 1:colcon.colcon_core.package_identification:_identify(.) by extensions ['ros']
[0.158s] Level 1:colcon.colcon_core.package_identification:_identify(.) by extension 'ros'
[0.168s] Level 1:colcon.colcon_core.package_identification:_identify(.) by extensions ['cmake', 'python']
[0.168s] Level 1:colcon.colcon_core.package_identification:_identify(.) by extension 'cmake'
[0.168s] Level 1:colcon.colcon_core.package_identification:_identify(.) by extension 'python'
[0.168s] Level 1:colcon.colcon_core.package_identification:_identify(.) by extensions ['python_setup_py']
[0.168s] Level 1:colcon.colcon_core.package_identification:_identify(.) by extension 'python_setup_py'
[0.168s] Level 1:colcon.colcon_core.package_identification:_identify(build) by extensions ['ignore', 'ignore_ament_install']
[0.168s] Level 1:colcon.colcon_core.package_identification:_identify(build) by extension 'ignore'
[0.168s] Level 1:colcon.colcon_core.package_identification:_identify(build) ignored
[0.168s] Level 1:colcon.colcon_core.package_identification:_identify(install) by extensions ['ignore', 'ignore_ament_install']
[0.168s] Level 1:colcon.colcon_core.package_identification:_identify(install) by extension 'ignore'
[0.168s] Level 1:colcon.colcon_core.package_identification:_identify(install) ignored
[0.169s] Level 1:colcon.colcon_core.package_identification:_identify(log) by extensions ['ignore', 'ignore_ament_install']
[0.169s] Level 1:colcon.colcon_core.package_identification:_identify(log) by extension 'ignore'
[0.169s] Level 1:colcon.colcon_core.package_identification:_identify(log) ignored
[0.169s] Level 1:colcon.colcon_core.package_identification:_identify(ros2-agv-controller) by extensions ['ignore', 'ignore_ament_install']
[0.169s] Level 1:colcon.colcon_core.package_identification:_identify(ros2-agv-controller) by extension 'ignore'
[0.169s] Level 1:colcon.colcon_core.package_identification:_identify(ros2-agv-controller) by extension 'ignore_ament_install'
[0.169s] Level 1:colcon.colcon_core.package_identification:_identify(ros2-agv-controller) by extensions ['colcon_pkg']
[0.169s] Level 1:colcon.colcon_core.package_identification:_identify(ros2-agv-controller) by extension 'colcon_pkg'
[0.169s] Level 1:colcon.colcon_core.package_identification:_identify(ros2-agv-controller) by extensions ['colcon_meta']
[0.169s] Level 1:colcon.colcon_core.package_identification:_identify(ros2-agv-controller) by extension 'colcon_meta'
[0.169s] Level 1:colcon.colcon_core.package_identification:_identify(ros2-agv-controller) by extensions ['ros']
[0.169s] Level 1:colcon.colcon_core.package_identification:_identify(ros2-agv-controller) by extension 'ros'
[0.172s] DEBUG:colcon.colcon_core.package_identification:Package 'ros2-agv-controller' with type 'ros.ament_cmake' and name 'ros2-agv-controller'
[0.172s] Level 1:colcon.colcon_core.package_identification:_identify(ros2-agv-wrapper) by extensions ['ignore', 'ignore_ament_install']
[0.172s] Level 1:colcon.colcon_core.package_identification:_identify(ros2-agv-wrapper) by extension 'ignore'
[0.172s] Level 1:colcon.colcon_core.package_identification:_identify(ros2-agv-wrapper) by extension 'ignore_ament_install'
[0.172s] Level 1:colcon.colcon_core.package_identification:_identify(ros2-agv-wrapper) by extensions ['colcon_pkg']
[0.172s] Level 1:colcon.colcon_core.package_identification:_identify(ros2-agv-wrapper) by extension 'colcon_pkg'
[0.172s] Level 1:colcon.colcon_core.package_identification:_identify(ros2-agv-wrapper) by extensions ['colcon_meta']
[0.172s] Level 1:colcon.colcon_core.package_identification:_identify(ros2-agv-wrapper) by extension 'colcon_meta'
[0.172s] Level 1:colcon.colcon_core.package_identification:_identify(ros2-agv-wrapper) by extensions ['ros']
[0.172s] Level 1:colcon.colcon_core.package_identification:_identify(ros2-agv-wrapper) by extension 'ros'
[0.173s] DEBUG:colcon.colcon_core.package_identification:Package 'ros2-agv-wrapper' with type 'ros.ament_cmake' and name 'ros2-agv-wrapper'
[0.173s] Level 1:colcon.colcon_core.package_discovery:discover_packages(recursive) using defaults
[0.173s] Level 1:colcon.colcon_core.package_discovery:discover_packages(ignore) discover
[0.173s] Level 1:colcon.colcon_core.package_discovery:discover_packages(ignore) using defaults
[0.173s] Level 1:colcon.colcon_core.package_discovery:discover_packages(path) discover
[0.173s] Level 1:colcon.colcon_core.package_discovery:discover_packages(path) using defaults
[0.192s] Level 5:colcon.colcon_core.verb:set package 'ros2-agv-controller' build argument 'cmake_args' from command line to 'None'
[0.193s] Level 5:colcon.colcon_core.verb:set package 'ros2-agv-controller' build argument 'cmake_target' from command line to 'None'
[0.193s] Level 5:colcon.colcon_core.verb:set package 'ros2-agv-controller' build argument 'cmake_target_skip_unavailable' from command line to 'False'
[0.193s] Level 5:colcon.colcon_core.verb:set package 'ros2-agv-controller' build argument 'cmake_clean_cache' from command line to 'False'
[0.193s] Level 5:colcon.colcon_core.verb:set package 'ros2-agv-controller' build argument 'cmake_clean_first' from command line to 'False'
[0.193s] Level 5:colcon.colcon_core.verb:set package 'ros2-agv-controller' build argument 'cmake_force_configure' from command line to 'False'
[0.193s] Level 5:colcon.colcon_core.verb:set package 'ros2-agv-controller' build argument 'ament_cmake_args' from command line to 'None'
[0.193s] Level 5:colcon.colcon_core.verb:set package 'ros2-agv-controller' build argument 'catkin_cmake_args' from command line to 'None'
[0.193s] Level 5:colcon.colcon_core.verb:set package 'ros2-agv-controller' build argument 'catkin_skip_building_tests' from command line to 'False'
[0.193s] DEBUG:colcon.colcon_core.verb:Building package 'ros2-agv-controller' with the following arguments: {'ament_cmake_args': None, 'build_base': '/home/samsam/ProjetSmartFactory/src/build/ros2-agv-controller', 'catkin_cmake_args': None, 'catkin_skip_building_tests': False, 'cmake_args': None, 'cmake_clean_cache': False, 'cmake_clean_first': False, 'cmake_force_configure': False, 'cmake_target': None, 'cmake_target_skip_unavailable': False, 'install_base': '/home/samsam/ProjetSmartFactory/src/install/ros2-agv-controller', 'merge_install': False, 'path': '/home/samsam/ProjetSmartFactory/src/ros2-agv-controller', 'symlink_install': False, 'test_result_base': None}
[0.195s] Level 5:colcon.colcon_core.verb:set package 'ros2-agv-wrapper' build argument 'cmake_args' from command line to 'None'
[0.195s] Level 5:colcon.colcon_core.verb:set package 'ros2-agv-wrapper' build argument 'cmake_target' from command line to 'None'
[0.195s] Level 5:colcon.colcon_core.verb:set package 'ros2-agv-wrapper' build argument 'cmake_target_skip_unavailable' from command line to 'False'
[0.195s] Level 5:colcon.colcon_core.verb:set package 'ros2-agv-wrapper' build argument 'cmake_clean_cache' from command line to 'False'
[0.195s] Level 5:colcon.colcon_core.verb:set package 'ros2-agv-wrapper' build argument 'cmake_clean_first' from command line to 'False'
[0.195s] Level 5:colcon.colcon_core.verb:set package 'ros2-agv-wrapper' build argument 'cmake_force_configure' from command line to 'False'
[0.195s] Level 5:colcon.colcon_core.verb:set package 'ros2-agv-wrapper' build argument 'ament_cmake_args' from command line to 'None'
[0.195s] Level 5:colcon.colcon_core.verb:set package 'ros2-agv-wrapper' build argument 'catkin_cmake_args' from command line to 'None'
[0.195s] Level 5:colcon.colcon_core.verb:set package 'ros2-agv-wrapper' build argument 'catkin_skip_building_tests' from command line to 'False'
[0.195s] DEBUG:colcon.colcon_core.verb:Building package 'ros2-agv-wrapper' with the following arguments: {'ament_cmake_args': None, 'build_base': '/home/samsam/ProjetSmartFactory/src/build/ros2-agv-wrapper', 'catkin_cmake_args': None, 'catkin_skip_building_tests': False, 'cmake_args': None, 'cmake_clean_cache': False, 'cmake_clean_first': False, 'cmake_force_configure': False, 'cmake_target': None, 'cmake_target_skip_unavailable': False, 'install_base': '/home/samsam/ProjetSmartFactory/src/install/ros2-agv-wrapper', 'merge_install': False, 'path': '/home/samsam/ProjetSmartFactory/src/ros2-agv-wrapper', 'symlink_install': False, 'test_result_base': None}
[0.196s] INFO:colcon.colcon_core.executor:Executing jobs using 'parallel' executor
[0.198s] DEBUG:colcon.colcon_parallel_executor.executor.parallel:run_until_complete
[0.198s] INFO:colcon.colcon_ros.task.ament_cmake.build:Building ROS package in '/home/samsam/ProjetSmartFactory/src/ros2-agv-controller' with build type 'ament_cmake'
[0.198s] INFO:colcon.colcon_cmake.task.cmake.build:Building CMake package in '/home/samsam/ProjetSmartFactory/src/ros2-agv-controller'
[0.201s] INFO:colcon.colcon_core.plugin_system:Skipping extension 'colcon_core.shell.bat': Not used on non-Windows systems
[0.201s] INFO:colcon.colcon_core.shell:Skip shell extension 'powershell' for command environment: Not usable outside of PowerShell
[0.201s] DEBUG:colcon.colcon_core.shell:Skip shell extension 'dsv' for command environment
[0.203s] DEBUG:colcon.colcon_core.shell:Ignoring prefix path '/opt/ros/foxy'
[0.206s] INFO:colcon.colcon_ros.task.ament_cmake.build:Building ROS package in '/home/samsam/ProjetSmartFactory/src/ros2-agv-wrapper' with build type 'ament_cmake'
[0.206s] INFO:colcon.colcon_cmake.task.cmake.build:Building CMake package in '/home/samsam/ProjetSmartFactory/src/ros2-agv-wrapper'
[0.207s] INFO:colcon.colcon_core.shell:Skip shell extension 'powershell' for command environment: Not usable outside of PowerShell
[0.207s] DEBUG:colcon.colcon_core.shell:Skip shell extension 'dsv' for command environment
[0.209s] DEBUG:colcon.colcon_core.shell:Ignoring prefix path '/opt/ros/foxy'
[0.214s] DEBUG:colcon.colcon_core.event_handler.log_command:Invoking command in '/home/samsam/ProjetSmartFactory/src/build/ros2-agv-controller': CMAKE_PREFIX_PATH=/opt/ros/foxy /usr/bin/cmake /home/samsam/ProjetSmartFactory/src/ros2-agv-controller -DCMAKE_INSTALL_PREFIX=/home/samsam/ProjetSmartFactory/src/install/ros2-agv-controller
[0.224s] DEBUG:colcon.colcon_core.event_handler.log_command:Invoking command in '/home/samsam/ProjetSmartFactory/src/build/ros2-agv-wrapper': CMAKE_PREFIX_PATH=/opt/ros/foxy /usr/bin/cmake /home/samsam/ProjetSmartFactory/src/ros2-agv-wrapper -DCMAKE_INSTALL_PREFIX=/home/samsam/ProjetSmartFactory/src/install/ros2-agv-wrapper
[1.077s] DEBUG:colcon.colcon_core.event_handler.log_command:Invoked command in '/home/samsam/ProjetSmartFactory/src/build/ros2-agv-wrapper' returned '0': CMAKE_PREFIX_PATH=/opt/ros/foxy /usr/bin/cmake /home/samsam/ProjetSmartFactory/src/ros2-agv-wrapper -DCMAKE_INSTALL_PREFIX=/home/samsam/ProjetSmartFactory/src/install/ros2-agv-wrapper
[1.081s] DEBUG:colcon.colcon_core.event_handler.log_command:Invoking command in '/home/samsam/ProjetSmartFactory/src/build/ros2-agv-wrapper': CMAKE_PREFIX_PATH=/opt/ros/foxy /usr/bin/cmake --build /home/samsam/ProjetSmartFactory/src/build/ros2-agv-wrapper -- -j8 -l8
[1.084s] DEBUG:colcon.colcon_core.event_handler.log_command:Invoked command in '/home/samsam/ProjetSmartFactory/src/build/ros2-agv-controller' returned '0': CMAKE_PREFIX_PATH=/opt/ros/foxy /usr/bin/cmake /home/samsam/ProjetSmartFactory/src/ros2-agv-controller -DCMAKE_INSTALL_PREFIX=/home/samsam/ProjetSmartFactory/src/install/ros2-agv-controller
[1.085s] DEBUG:colcon.colcon_core.event_handler.log_command:Invoking command in '/home/samsam/ProjetSmartFactory/src/build/ros2-agv-controller': CMAKE_PREFIX_PATH=/opt/ros/foxy /usr/bin/cmake --build /home/samsam/ProjetSmartFactory/src/build/ros2-agv-controller -- -j8 -l8
[1.122s] DEBUG:colcon.colcon_core.event_handler.log_command:Invoked command in '/home/samsam/ProjetSmartFactory/src/build/ros2-agv-wrapper' returned '0': CMAKE_PREFIX_PATH=/opt/ros/foxy /usr/bin/cmake --build /home/samsam/ProjetSmartFactory/src/build/ros2-agv-wrapper -- -j8 -l8
[1.127s] DEBUG:colcon.colcon_core.event_handler.log_command:Invoked command in '/home/samsam/ProjetSmartFactory/src/build/ros2-agv-controller' returned '0': CMAKE_PREFIX_PATH=/opt/ros/foxy /usr/bin/cmake --build /home/samsam/ProjetSmartFactory/src/build/ros2-agv-controller -- -j8 -l8
[1.155s] DEBUG:colcon.colcon_core.event_handler.log_command:Invoking command in '/home/samsam/ProjetSmartFactory/src/build/ros2-agv-wrapper': CMAKE_PREFIX_PATH=/opt/ros/foxy /usr/bin/cmake --install /home/samsam/ProjetSmartFactory/src/build/ros2-agv-wrapper
[1.161s] DEBUG:colcon.colcon_core.event_handler.log_command:Invoking command in '/home/samsam/ProjetSmartFactory/src/build/ros2-agv-controller': CMAKE_PREFIX_PATH=/opt/ros/foxy /usr/bin/cmake --install /home/samsam/ProjetSmartFactory/src/build/ros2-agv-controller
[1.170s] Level 1:colcon.colcon_core.environment:create_environment_scripts_only(ros2-agv-wrapper)
[1.171s] DEBUG:colcon.colcon_core.event_handler.log_command:Invoked command in '/home/samsam/ProjetSmartFactory/src/build/ros2-agv-wrapper' returned '0': CMAKE_PREFIX_PATH=/opt/ros/foxy /usr/bin/cmake --install /home/samsam/ProjetSmartFactory/src/build/ros2-agv-wrapper
[1.176s] Level 1:colcon.colcon_core.environment:checking '/home/samsam/ProjetSmartFactory/src/install/ros2-agv-wrapper' for CMake module files
[1.177s] Level 1:colcon.colcon_core.environment:checking '/home/samsam/ProjetSmartFactory/src/install/ros2-agv-wrapper' for CMake config files
[1.177s] Level 1:colcon.colcon_core.shell:create_environment_hook('ros2-agv-wrapper', 'cmake_prefix_path')
[1.177s] INFO:colcon.colcon_core.shell:Creating environment hook '/home/samsam/ProjetSmartFactory/src/install/ros2-agv-wrapper/share/ros2-agv-wrapper/hook/cmake_prefix_path.ps1'
[1.178s] INFO:colcon.colcon_core.shell:Creating environment descriptor '/home/samsam/ProjetSmartFactory/src/install/ros2-agv-wrapper/share/ros2-agv-wrapper/hook/cmake_prefix_path.dsv'
[1.178s] INFO:colcon.colcon_core.shell:Creating environment hook '/home/samsam/ProjetSmartFactory/src/install/ros2-agv-wrapper/share/ros2-agv-wrapper/hook/cmake_prefix_path.sh'
[1.179s] Level 1:colcon.colcon_core.environment:checking '/home/samsam/ProjetSmartFactory/src/install/ros2-agv-wrapper/bin'
[1.179s] Level 1:colcon.colcon_core.environment:checking '/home/samsam/ProjetSmartFactory/src/install/ros2-agv-wrapper/lib/pkgconfig/ros2-agv-wrapper.pc'
[1.179s] Level 1:colcon.colcon_core.environment:checking '/home/samsam/ProjetSmartFactory/src/install/ros2-agv-wrapper/lib/python3.8/site-packages'
[1.180s] INFO:colcon.colcon_core.shell:Creating package script '/home/samsam/ProjetSmartFactory/src/install/ros2-agv-wrapper/share/ros2-agv-wrapper/package.ps1'
[1.181s] INFO:colcon.colcon_core.shell:Creating package descriptor '/home/samsam/ProjetSmartFactory/src/install/ros2-agv-wrapper/share/ros2-agv-wrapper/package.dsv'
[1.181s] INFO:colcon.colcon_core.shell:Creating package script '/home/samsam/ProjetSmartFactory/src/install/ros2-agv-wrapper/share/ros2-agv-wrapper/package.sh'
[1.182s] INFO:colcon.colcon_core.shell:Creating package script '/home/samsam/ProjetSmartFactory/src/install/ros2-agv-wrapper/share/ros2-agv-wrapper/package.bash'
[1.182s] INFO:colcon.colcon_core.shell:Creating package script '/home/samsam/ProjetSmartFactory/src/install/ros2-agv-wrapper/share/ros2-agv-wrapper/package.zsh'
[1.183s] Level 1:colcon.colcon_core.environment:create_file_with_runtime_dependencies(/home/samsam/ProjetSmartFactory/src/install/ros2-agv-wrapper/share/colcon-core/packages/ros2-agv-wrapper)
[1.186s] Level 1:colcon.colcon_core.environment:create_environment_scripts_only(ros2-agv-controller)
[1.187s] Level 1:colcon.colcon_core.environment:checking '/home/samsam/ProjetSmartFactory/src/install/ros2-agv-controller' for CMake module files
[1.188s] DEBUG:colcon.colcon_core.event_handler.log_command:Invoked command in '/home/samsam/ProjetSmartFactory/src/build/ros2-agv-controller' returned '0': CMAKE_PREFIX_PATH=/opt/ros/foxy /usr/bin/cmake --install /home/samsam/ProjetSmartFactory/src/build/ros2-agv-controller
[1.188s] Level 1:colcon.colcon_core.environment:checking '/home/samsam/ProjetSmartFactory/src/install/ros2-agv-controller' for CMake config files
[1.188s] Level 1:colcon.colcon_core.shell:create_environment_hook('ros2-agv-controller', 'cmake_prefix_path')
[1.189s] INFO:colcon.colcon_core.shell:Creating environment hook '/home/samsam/ProjetSmartFactory/src/install/ros2-agv-controller/share/ros2-agv-controller/hook/cmake_prefix_path.ps1'
[1.190s] INFO:colcon.colcon_core.shell:Creating environment descriptor '/home/samsam/ProjetSmartFactory/src/install/ros2-agv-controller/share/ros2-agv-controller/hook/cmake_prefix_path.dsv'
[1.190s] INFO:colcon.colcon_core.shell:Creating environment hook '/home/samsam/ProjetSmartFactory/src/install/ros2-agv-controller/share/ros2-agv-controller/hook/cmake_prefix_path.sh'
[1.191s] Level 1:colcon.colcon_core.environment:checking '/home/samsam/ProjetSmartFactory/src/install/ros2-agv-controller/bin'
[1.191s] Level 1:colcon.colcon_core.environment:checking '/home/samsam/ProjetSmartFactory/src/install/ros2-agv-controller/lib/pkgconfig/ros2-agv-controller.pc'
[1.191s] Level 1:colcon.colcon_core.environment:checking '/home/samsam/ProjetSmartFactory/src/install/ros2-agv-controller/lib/python3.8/site-packages'
[1.192s] INFO:colcon.colcon_core.shell:Creating package script '/home/samsam/ProjetSmartFactory/src/install/ros2-agv-controller/share/ros2-agv-controller/package.ps1'
[1.192s] INFO:colcon.colcon_core.shell:Creating package descriptor '/home/samsam/ProjetSmartFactory/src/install/ros2-agv-controller/share/ros2-agv-controller/package.dsv'
[1.193s] INFO:colcon.colcon_core.shell:Creating package script '/home/samsam/ProjetSmartFactory/src/install/ros2-agv-controller/share/ros2-agv-controller/package.sh'
[1.193s] INFO:colcon.colcon_core.shell:Creating package script '/home/samsam/ProjetSmartFactory/src/install/ros2-agv-controller/share/ros2-agv-controller/package.bash'
[1.194s] INFO:colcon.colcon_core.shell:Creating package script '/home/samsam/ProjetSmartFactory/src/install/ros2-agv-controller/share/ros2-agv-controller/package.zsh'
[1.194s] Level 1:colcon.colcon_core.environment:create_file_with_runtime_dependencies(/home/samsam/ProjetSmartFactory/src/install/ros2-agv-controller/share/colcon-core/packages/ros2-agv-controller)
[1.203s] Level 1:colcon.colcon_core.environment:create_environment_scripts_only(ros2-agv-wrapper)
[1.204s] Level 1:colcon.colcon_core.environment:checking '/home/samsam/ProjetSmartFactory/src/install/ros2-agv-wrapper' for CMake module files
[1.205s] Level 1:colcon.colcon_core.environment:checking '/home/samsam/ProjetSmartFactory/src/install/ros2-agv-wrapper' for CMake config files
[1.205s] Level 1:colcon.colcon_core.shell:create_environment_hook('ros2-agv-wrapper', 'cmake_prefix_path')
[1.206s] INFO:colcon.colcon_core.shell:Creating environment hook '/home/samsam/ProjetSmartFactory/src/install/ros2-agv-wrapper/share/ros2-agv-wrapper/hook/cmake_prefix_path.ps1'
[1.206s] INFO:colcon.colcon_core.shell:Creating environment descriptor '/home/samsam/ProjetSmartFactory/src/install/ros2-agv-wrapper/share/ros2-agv-wrapper/hook/cmake_prefix_path.dsv'
[1.207s] INFO:colcon.colcon_core.shell:Creating environment hook '/home/samsam/ProjetSmartFactory/src/install/ros2-agv-wrapper/share/ros2-agv-wrapper/hook/cmake_prefix_path.sh'
[1.208s] Level 1:colcon.colcon_core.environment:checking '/home/samsam/ProjetSmartFactory/src/install/ros2-agv-wrapper/bin'
[1.208s] Level 1:colcon.colcon_core.environment:checking '/home/samsam/ProjetSmartFactory/src/install/ros2-agv-wrapper/lib/pkgconfig/ros2-agv-wrapper.pc'
[1.208s] Level 1:colcon.colcon_core.environment:checking '/home/samsam/ProjetSmartFactory/src/install/ros2-agv-wrapper/lib/python3.8/site-packages'
[1.209s] INFO:colcon.colcon_core.shell:Creating package script '/home/samsam/ProjetSmartFactory/src/install/ros2-agv-wrapper/share/ros2-agv-wrapper/package.ps1'
[1.210s] INFO:colcon.colcon_core.shell:Creating package descriptor '/home/samsam/ProjetSmartFactory/src/install/ros2-agv-wrapper/share/ros2-agv-wrapper/package.dsv'
[1.210s] INFO:colcon.colcon_core.shell:Creating package script '/home/samsam/ProjetSmartFactory/src/install/ros2-agv-wrapper/share/ros2-agv-wrapper/package.sh'
[1.211s] INFO:colcon.colcon_core.shell:Creating package script '/home/samsam/ProjetSmartFactory/src/install/ros2-agv-wrapper/share/ros2-agv-wrapper/package.bash'
[1.211s] INFO:colcon.colcon_core.shell:Creating package script '/home/samsam/ProjetSmartFactory/src/install/ros2-agv-wrapper/share/ros2-agv-wrapper/package.zsh'
[1.212s] Level 1:colcon.colcon_core.environment:create_file_with_runtime_dependencies(/home/samsam/ProjetSmartFactory/src/install/ros2-agv-wrapper/share/colcon-core/packages/ros2-agv-wrapper)
[1.215s] Level 1:colcon.colcon_core.environment:create_environment_scripts_only(ros2-agv-controller)
[1.216s] Level 1:colcon.colcon_core.environment:checking '/home/samsam/ProjetSmartFactory/src/install/ros2-agv-controller' for CMake module files
[1.217s] Level 1:colcon.colcon_core.environment:checking '/home/samsam/ProjetSmartFactory/src/install/ros2-agv-controller' for CMake config files
[1.217s] Level 1:colcon.colcon_core.shell:create_environment_hook('ros2-agv-controller', 'cmake_prefix_path')
[1.217s] INFO:colcon.colcon_core.shell:Creating environment hook '/home/samsam/ProjetSmartFactory/src/install/ros2-agv-controller/share/ros2-agv-controller/hook/cmake_prefix_path.ps1'
[1.218s] INFO:colcon.colcon_core.shell:Creating environment descriptor '/home/samsam/ProjetSmartFactory/src/install/ros2-agv-controller/share/ros2-agv-controller/hook/cmake_prefix_path.dsv'
[1.218s] INFO:colcon.colcon_core.shell:Creating environment hook '/home/samsam/ProjetSmartFactory/src/install/ros2-agv-controller/share/ros2-agv-controller/hook/cmake_prefix_path.sh'
[1.219s] Level 1:colcon.colcon_core.environment:checking '/home/samsam/ProjetSmartFactory/src/install/ros2-agv-controller/bin'
[1.219s] Level 1:colcon.colcon_core.environment:checking '/home/samsam/ProjetSmartFactory/src/install/ros2-agv-controller/lib/pkgconfig/ros2-agv-controller.pc'
[1.219s] Level 1:colcon.colcon_core.environment:checking '/home/samsam/ProjetSmartFactory/src/install/ros2-agv-controller/lib/python3.8/site-packages'
[1.219s] INFO:colcon.colcon_core.shell:Creating package script '/home/samsam/ProjetSmartFactory/src/install/ros2-agv-controller/share/ros2-agv-controller/package.ps1'
[1.220s] INFO:colcon.colcon_core.shell:Creating package descriptor '/home/samsam/ProjetSmartFactory/src/install/ros2-agv-controller/share/ros2-agv-controller/package.dsv'
[1.220s] INFO:colcon.colcon_core.shell:Creating package script '/home/samsam/ProjetSmartFactory/src/install/ros2-agv-controller/share/ros2-agv-controller/package.sh'
[1.221s] INFO:colcon.colcon_core.shell:Creating package script '/home/samsam/ProjetSmartFactory/src/install/ros2-agv-controller/share/ros2-agv-controller/package.bash'
[1.221s] INFO:colcon.colcon_core.shell:Creating package script '/home/samsam/ProjetSmartFactory/src/install/ros2-agv-controller/share/ros2-agv-controller/package.zsh'
[1.222s] Level 1:colcon.colcon_core.environment:create_file_with_runtime_dependencies(/home/samsam/ProjetSmartFactory/src/install/ros2-agv-controller/share/colcon-core/packages/ros2-agv-controller)
[1.223s] DEBUG:colcon.colcon_parallel_executor.executor.parallel:closing loop
[1.223s] DEBUG:colcon.colcon_parallel_executor.executor.parallel:loop closed
[1.223s] DEBUG:colcon.colcon_parallel_executor.executor.parallel:run_until_complete finished with '0'
[1.224s] DEBUG:colcon.colcon_core.event_reactor:joining thread
[1.230s] INFO:colcon.colcon_core.plugin_system:Skipping extension 'colcon_notification.desktop_notification.notify_send': Could not find 'notify-send'
[1.230s] INFO:colcon.colcon_core.plugin_system:Skipping extension 'colcon_notification.desktop_notification.terminal_notifier': Not used on non-Darwin systems
[1.230s] INFO:colcon.colcon_core.plugin_system:Skipping extension 'colcon_notification.desktop_notification.win32': Not used on non-Windows systems
[1.230s] INFO:colcon.colcon_notification.desktop_notification:Sending desktop notification using 'notify2'
[1.254s] DEBUG:colcon.colcon_core.event_reactor:joined thread
[1.255s] INFO:colcon.colcon_core.shell:Creating prefix script '/home/samsam/ProjetSmartFactory/src/install/local_setup.ps1'
[1.257s] INFO:colcon.colcon_core.shell:Creating prefix util module '/home/samsam/ProjetSmartFactory/src/install/_local_setup_util_ps1.py'
[1.258s] INFO:colcon.colcon_core.shell:Creating prefix chain script '/home/samsam/ProjetSmartFactory/src/install/setup.ps1'
[1.260s] INFO:colcon.colcon_core.shell:Creating prefix script '/home/samsam/ProjetSmartFactory/src/install/local_setup.sh'
[1.261s] INFO:colcon.colcon_core.shell:Creating prefix util module '/home/samsam/ProjetSmartFactory/src/install/_local_setup_util_sh.py'
[1.261s] INFO:colcon.colcon_core.shell:Creating prefix chain script '/home/samsam/ProjetSmartFactory/src/install/setup.sh'
[1.264s] INFO:colcon.colcon_core.shell:Creating prefix script '/home/samsam/ProjetSmartFactory/src/install/local_setup.bash'
[1.265s] INFO:colcon.colcon_core.shell:Creating prefix chain script '/home/samsam/ProjetSmartFactory/src/install/setup.bash'
[1.267s] INFO:colcon.colcon_core.shell:Creating prefix script '/home/samsam/ProjetSmartFactory/src/install/local_setup.zsh'
[1.267s] INFO:colcon.colcon_core.shell:Creating prefix chain script '/home/samsam/ProjetSmartFactory/src/install/setup.zsh'
